2012-06-29 20:08:26,027 - Trying to use logger class org.apache.velocity.runtime.log.Log4JLogChute
2012-06-29 20:08:26,027 - Using logger class org.apache.velocity.runtime.log.Log4JLogChute
2012-06-29 20:08:26,036 - ResourceLoader instantiated: org.apache.velocity.runtime.resource.loader.ClasspathResourceLoader
2012-06-29 20:08:26,058 - ResourceCache: initialized (class org.apache.velocity.runtime.resource.ResourceCacheImpl) with class java.util.Collections$SynchronizedMap cache map.
2012-06-29 20:08:26,061 - Loaded System Directive: org.apache.velocity.runtime.directive.Stop
2012-06-29 20:08:26,062 - Loaded System Directive: org.apache.velocity.runtime.directive.Define
2012-06-29 20:08:26,064 - Loaded System Directive: org.apache.velocity.runtime.directive.Break
2012-06-29 20:08:26,066 - Loaded System Directive: org.apache.velocity.runtime.directive.Evaluate
2012-06-29 20:08:26,066 - Loaded System Directive: org.apache.velocity.runtime.directive.Literal
2012-06-29 20:08:26,069 - Loaded System Directive: org.apache.velocity.runtime.directive.Macro
2012-06-29 20:08:26,071 - Loaded System Directive: org.apache.velocity.runtime.directive.Parse
2012-06-29 20:08:26,073 - Loaded System Directive: org.apache.velocity.runtime.directive.Include
2012-06-29 20:08:26,075 - Loaded System Directive: org.apache.velocity.runtime.directive.Foreach
2012-06-29 20:08:26,131 - Created '20' parsers.
2012-06-29 20:08:26,139 - Velocimacro : "velocimacro.library" is not set.  Trying default library: VM_global_library.vm
2012-06-29 20:08:26,140 - Could not load resource 'VM_global_library.vm' from ResourceLoader org.apache.velocity.runtime.resource.loader.ClasspathResourceLoader: ClasspathResourceLoader Error: cannot find resource VM_global_library.vm
2012-06-29 20:08:26,140 - Velocimacro : Default library not found.
2012-06-29 20:08:26,140 - Velocimacro : allowInline = true : VMs can be defined inline in templates
2012-06-29 20:08:26,140 - Velocimacro : allowInlineToOverride = false : VMs defined inline may NOT replace previous VM definitions
2012-06-29 20:08:26,140 - Velocimacro : allowInlineLocal = false : VMs defined inline will be global in scope if allowed.
2012-06-29 20:08:26,140 - Velocimacro : autoload off : VM system will not automatically reload global library macros
2012-06-29 20:08:26,197 - ResourceManager : found report.vm with loader org.apache.velocity.runtime.resource.loader.ClasspathResourceLoader
2012-06-29 20:08:26,226 - ResourceManager : found ./report.css with loader org.apache.velocity.runtime.resource.loader.ClasspathResourceLoader
2012-06-29 20:08:54,441 - Log4JLogChute initialized using file 'velocity.log'
2012-06-29 20:08:54,442 - Initializing Velocity, Calling init()...
2012-06-29 20:08:54,442 - Starting Apache Velocity v1.7 (compiled: 2010-11-19 12:14:37)
2012-06-29 20:08:54,442 - Default Properties File: org\apache\velocity\runtime\defaults\velocity.properties
2012-06-29 20:08:54,442 - Trying to use logger class org.apache.velocity.runtime.log.AvalonLogChute
2012-06-29 20:08:54,442 - Target log system for org.apache.velocity.runtime.log.AvalonLogChute is not available (java.lang.NoClassDefFoundError: org/apache/log/format/Formatter).  Falling back to next log system...
2012-06-29 20:08:54,442 - Trying to use logger class org.apache.velocity.runtime.log.Log4JLogChute
2012-06-29 20:08:54,442 - Using logger class org.apache.velocity.runtime.log.Log4JLogChute
2012-06-29 20:08:54,448 - ResourceLoader instantiated: org.apache.velocity.runtime.resource.loader.ClasspathResourceLoader
2012-06-29 20:08:54,471 - ResourceCache: initialized (class org.apache.velocity.runtime.resource.ResourceCacheImpl) with class java.util.Collections$SynchronizedMap cache map.
2012-06-29 20:08:54,473 - Loaded System Directive: org.apache.velocity.runtime.directive.Stop
2012-06-29 20:08:54,475 - Loaded System Directive: org.apache.velocity.runtime.directive.Define
2012-06-29 20:08:54,476 - Loaded System Directive: org.apache.velocity.runtime.directive.Break
2012-06-29 20:08:54,478 - Loaded System Directive: org.apache.velocity.runtime.directive.Evaluate
2012-06-29 20:08:54,480 - Loaded System Directive: org.apache.velocity.runtime.directive.Literal
2012-06-29 20:08:54,483 - Loaded System Directive: org.apache.velocity.runtime.directive.Macro
2012-06-29 20:08:54,484 - Loaded System Directive: org.apache.velocity.runtime.directive.Parse
2012-06-29 20:08:54,486 - Loaded System Directive: org.apache.velocity.runtime.directive.Include
2012-06-29 20:08:54,488 - Loaded System Directive: org.apache.velocity.runtime.directive.Foreach
2012-06-29 20:08:54,539 - Created '20' parsers.
2012-06-29 20:08:54,547 - Velocimacro : "velocimacro.library" is not set.  Trying default library: VM_global_library.vm
2012-06-29 20:08:54,548 - Could not load resource 'VM_global_library.vm' from ResourceLoader org.apache.velocity.runtime.resource.loader.ClasspathResourceLoader: ClasspathResourceLoader Error: cannot find resource VM_global_library.vm
2012-06-29 20:08:54,548 - Velocimacro : Default library not found.
2012-06-29 20:08:54,549 - Velocimacro : allowInline = true : VMs can be defined inline in templates
2012-06-29 20:08:54,549 - Velocimacro : allowInlineToOverride = false : VMs defined inline may NOT replace previous VM definitions
2012-06-29 20:08:54,549 - Velocimacro : allowInlineLocal = false : VMs defined inline will be global in scope if allowed.
2012-06-29 20:08:54,549 - Velocimacro : autoload off : VM system will not automatically reload global library macros
2012-06-29 20:08:54,597 - ResourceManager : found report.vm with loader org.apache.velocity.runtime.resource.loader.ClasspathResourceLoader
2012-06-29 20:08:54,621 - ResourceManager : found ./report.css with loader org.apache.velocity.runtime.resource.loader.ClasspathResourceLoader
2012-06-29 20:09:11,374 - Log4JLogChute initialized using file 'velocity.log'
2012-06-29 20:09:11,374 - Initializing Velocity, Calling init()...
2012-06-29 20:09:11,374 - Starting Apache Velocity v1.7 (compiled: 2010-11-19 12:14:37)
2012-06-29 20:09:11,374 - Default Properties File: org\apache\velocity\runtime\defaults\velocity.properties
2012-06-29 20:09:11,374 - Trying to use logger class org.apache.velocity.runtime.log.AvalonLogChute
2012-06-29 20:09:11,374 - Target log system for org.apache.velocity.runtime.log.AvalonLogChute is not available (java.lang.NoClassDefFoundError: org/apache/log/format/Formatter).  Falling back to next log system...
2012-06-29 20:09:11,374 - Trying to use logger class org.apache.velocity.runtime.log.Log4JLogChute
2012-06-29 20:09:11,374 - Using logger class org.apache.velocity.runtime.log.Log4JLogChute
2012-06-29 20:09:11,380 - ResourceLoader instantiated: org.apache.velocity.runtime.resource.loader.ClasspathResourceLoader
2012-06-29 20:09:11,403 - ResourceCache: initialized (class org.apache.velocity.runtime.resource.ResourceCacheImpl) with class java.util.Collections$SynchronizedMap cache map.
2012-06-29 20:09:11,405 - Loaded System Directive: org.apache.velocity.runtime.directive.Stop
2012-06-29 20:09:11,406 - Loaded System Directive: org.apache.velocity.runtime.directive.Define
2012-06-29 20:09:11,407 - Loaded System Directive: org.apache.velocity.runtime.directive.Break
2012-06-29 20:09:11,408 - Loaded System Directive: org.apache.velocity.runtime.directive.Evaluate
2012-06-29 20:09:11,409 - Loaded System Directive: org.apache.velocity.runtime.directive.Literal
2012-06-29 20:09:11,413 - Loaded System Directive: org.apache.velocity.runtime.directive.Macro
2012-06-29 20:09:11,414 - Loaded System Directive: org.apache.velocity.runtime.directive.Parse
2012-06-29 20:09:11,416 - Loaded System Directive: org.apache.velocity.runtime.directive.Include
2012-06-29 20:09:11,418 - Loaded System Directive: org.apache.velocity.runtime.directive.Foreach
2012-06-29 20:09:11,466 - Created '20' parsers.
2012-06-29 20:09:11,474 - Velocimacro : "velocimacro.library" is not set.  Trying default library: VM_global_library.vm
2012-06-29 20:09:11,474 - Could not load resource 'VM_global_library.vm' from ResourceLoader org.apache.velocity.runtime.resource.loader.ClasspathResourceLoader: ClasspathResourceLoader Error: cannot find resource VM_global_library.vm
2012-06-29 20:09:11,474 - Velocimacro : Default library not found.
2012-06-29 20:09:11,475 - Velocimacro : allowInline = true : VMs can be defined inline in templates
2012-06-29 20:09:11,475 - Velocimacro : allowInlineToOverride = false : VMs defined inline may NOT replace previous VM definitions
2012-06-29 20:09:11,475 - Velocimacro : allowInlineLocal = false : VMs defined inline will be global in scope if allowed.
2012-06-29 20:09:11,475 - Velocimacro : autoload off : VM system will not automatically reload global library macros
2012-06-29 20:09:11,531 - ResourceManager : found report.vm with loader org.apache.velocity.runtime.resource.loader.ClasspathResourceLoader
2012-06-29 20:09:11,556 - ResourceManager : found ./report.css with loader org.apache.velocity.runtime.resource.loader.ClasspathResourceLoader
2013-05-18 14:00:10,064 - Log4JLogChute initialized using file 'velocity.log'
2013-05-18 14:00:10,065 - Initializing Velocity, Calling init()...
2013-05-18 14:00:10,065 - Starting Apache Velocity v1.7 (compiled: 2010-11-19 12:14:37)
2013-05-18 14:00:10,065 - Default Properties File: org\apache\velocity\runtime\defaults\velocity.properties
2013-05-18 14:00:10,065 - Trying to use logger class org.apache.velocity.runtime.log.AvalonLogChute
2013-05-18 14:00:10,065 - Target log system for org.apache.velocity.runtime.log.AvalonLogChute is not available (java.lang.NoClassDefFoundError: org/apache/log/format/Formatter).  Falling back to next log system...
2013-05-18 14:00:10,065 - Trying to use logger class org.apache.velocity.runtime.log.Log4JLogChute
2013-05-18 14:00:10,065 - Using logger class org.apache.velocity.runtime.log.Log4JLogChute
2013-05-18 14:00:10,072 - ResourceLoader instantiated: org.apache.velocity.runtime.resource.loader.ClasspathResourceLoader
2013-05-18 14:00:10,152 - ResourceCache: initialized (class org.apache.velocity.runtime.resource.ResourceCacheImpl) with class java.util.Collections$SynchronizedMap cache map.
2013-05-18 14:00:10,154 - Loaded System Directive: org.apache.velocity.runtime.directive.Stop
2013-05-18 14:00:10,157 - Loaded System Directive: org.apache.velocity.runtime.directive.Define
2013-05-18 14:00:10,158 - Loaded System Directive: org.apache.velocity.runtime.directive.Break
2013-05-18 14:00:10,160 - Loaded System Directive: org.apache.velocity.runtime.directive.Evaluate
2013-05-18 14:00:10,161 - Loaded System Directive: org.apache.velocity.runtime.directive.Literal
2013-05-18 14:00:10,200 - Loaded System Directive: org.apache.velocity.runtime.directive.Macro
2013-05-18 14:00:10,203 - Loaded System Directive: org.apache.velocity.runtime.directive.Parse
2013-05-18 14:00:10,206 - Loaded System Directive: org.apache.velocity.runtime.directive.Include
2013-05-18 14:00:10,208 - Loaded System Directive: org.apache.velocity.runtime.directive.Foreach
2013-05-18 14:00:10,432 - Created '20' parsers.
2013-05-18 14:00:10,446 - Velocimacro : "velocimacro.library" is not set.  Trying default library: VM_global_library.vm
2013-05-18 14:00:10,447 - Could not load resource 'VM_global_library.vm' from ResourceLoader org.apache.velocity.runtime.resource.loader.ClasspathResourceLoader: ClasspathResourceLoader Error: cannot find resource VM_global_library.vm
2013-05-18 14:00:10,447 - Velocimacro : Default library not found.
2013-05-18 14:00:10,447 - Velocimacro : allowInline = true : VMs can be defined inline in templates
2013-05-18 14:00:10,447 - Velocimacro : allowInlineToOverride = false : VMs defined inline may NOT replace previous VM definitions
2013-05-18 14:00:10,447 - Velocimacro : allowInlineLocal = false : VMs defined inline will be global in scope if allowed.
2013-05-18 14:00:10,447 - Velocimacro : autoload off : VM system will not automatically reload global library macros
2013-05-18 14:00:10,531 - ResourceManager : found report.vm with loader org.apache.velocity.runtime.resource.loader.ClasspathResourceLoader
2013-05-18 14:00:10,593 - ResourceManager : found ./report.css with loader org.apache.velocity.runtime.resource.loader.ClasspathResourceLoader
